<?xml version="1.0" encoding="UTF-8"?>
<testsuite name="Regression Test"
           tests="3"
           failures="0"
           errors="0"
           skipped="0"
           time="5.384">
  <properties />
  
  
            <testcase name="verifyThatFirstNameLastNameEmailAndPasswordAndConfirmPasswordFieldsAreMandatory" time="1.529" classname="com.nopcommerce.testsuite.RegisterPageTest" />
                <testcase name="VerifyThatUserShouldCreateAccountSuccessfully" time="2.568" classname="com.nopcommerce.testsuite.RegisterPageTest" />
                <testcase name="verifyUserShouldNavigateToRegisterPagsuccessFully" time="1.287" classname="com.nopcommerce.testsuite.RegisterPageTest" />
      
</testsuite>
